<?xml version="1.0" encoding="UTF-8"?>
<!-- Generated by org.testng.reporters.JUnitXMLReporter -->
<testsuite hostname="Muhammads-Air.fios-router.home" ignored="0" name="Surefire test" tests="5" failures="0" timestamp="30 Jul 2021 19:09:27 GMT" time="37.365" errors="0">
  <testcase name="flightTest" time="0.327" classname="org.usmanacademy.DemoTest"/>
  <testcase name="multiCityTrip" time="6.639" classname="org.usmanacademy.DemoTest"/>
  <testcase name="multiCityTrip" time="4.92" classname="org.usmanacademy.DemoTest"/>
  <testcase name="roundTrip" time="5.018" classname="org.usmanacademy.DemoTest"/>
  <testcase name="roundTrip" time="5.405" classname="org.usmanacademy.DemoTest"/>
</testsuite> <!-- Surefire test -->
