<?xml version="1.0" encoding="UTF-8"?>
<!-- Generated by org.testng.reporters.JUnitXMLReporter -->
<testsuite hostname="Muhammads-Air.fios-router.home" ignored="0" name="Surefire test" tests="5" failures="0" timestamp="29 Jul 2021 19:09:53 GMT" time="38.363" errors="0">
  <testcase name="flightTest" time="0.31" classname="org.usmanacademy.DemoTest"/>
  <testcase name="multiCityTrip" time="4.734" classname="org.usmanacademy.DemoTest"/>
  <testcase name="multiCityTrip" time="4.191" classname="org.usmanacademy.DemoTest"/>
  <testcase name="roundTrip" time="3.216" classname="org.usmanacademy.DemoTest"/>
  <testcase name="roundTrip" time="6.974" classname="org.usmanacademy.DemoTest"/>
</testsuite> <!-- Surefire test -->
