<?xml version="1.0" encoding="UTF-8"?>
<testng-results skipped="0" failed="0" ignored="0" total="5" passed="5">
  <reporter-output>
  </reporter-output>
  <suite name="Surefire suite" duration-ms="38363" started-at="2021-07-29T19:09:15Z" finished-at="2021-07-29T19:09:53Z">
    <groups>
    </groups>
    <test name="Surefire test" duration-ms="38363" started-at="2021-07-29T19:09:15Z" finished-at="2021-07-29T19:09:53Z">
      <class name="org.usmanacademy.DemoTest">
        <test-method status="PASS" signature="setUp()[pri:0, instance:org.usmanacademy.DemoTest@2c6a3f77]" name="setUp" is-config="true" duration-ms="18131" started-at="2021-07-29T19:09:15Z" finished-at="2021-07-29T19:09:33Z">
          <reporter-output>
          </reporter-output>
        </test-method> <!-- setUp -->
        <test-method status="PASS" signature="flightTest()[pri:0, instance:org.usmanacademy.DemoTest@2c6a3f77]" name="flightTest" duration-ms="310" started-at="2021-07-29T19:09:33Z" finished-at="2021-07-29T19:09:33Z">
          <reporter-output>
          </reporter-output>
        </test-method> <!-- flightTest -->
        <test-method status="PASS" signature="multiCityTrip(java.util.HashMap)[pri:0, instance:org.usmanacademy.DemoTest@2c6a3f77]" name="multiCityTrip" duration-ms="4734" started-at="2021-07-29T19:09:34Z" data-provider="getData" finished-at="2021-07-29T19:09:39Z">
          <params>
            <param index="0">
              <value>
                <![CDATA[{destination=HYD, desti2=GOI, origin=MAA}]]>
              </value>
            </param>
          </params>
          <reporter-output>
          </reporter-output>
        </test-method> <!-- multiCityTrip -->
        <test-method status="PASS" signature="multiCityTrip(java.util.HashMap)[pri:0, instance:org.usmanacademy.DemoTest@2c6a3f77]" name="multiCityTrip" duration-ms="4191" started-at="2021-07-29T19:09:39Z" data-provider="getData" finished-at="2021-07-29T19:09:43Z">
          <params>
            <param index="0">
              <value>
                <![CDATA[{destination=HYD, desti2=GOI, origin=DEL}]]>
              </value>
            </param>
          </params>
          <reporter-output>
          </reporter-output>
        </test-method> <!-- multiCityTrip -->
        <test-method status="PASS" signature="roundTrip(java.util.HashMap)[pri:0, instance:org.usmanacademy.DemoTest@2c6a3f77]" name="roundTrip" duration-ms="3216" started-at="2021-07-29T19:09:43Z" data-provider="getData" finished-at="2021-07-29T19:09:46Z">
          <params>
            <param index="0">
              <value>
                <![CDATA[{destination=HYD, desti2=GOI, origin=MAA}]]>
              </value>
            </param>
          </params>
          <reporter-output>
          </reporter-output>
        </test-method> <!-- roundTrip -->
        <test-method status="PASS" signature="roundTrip(java.util.HashMap)[pri:0, instance:org.usmanacademy.DemoTest@2c6a3f77]" name="roundTrip" duration-ms="6974" started-at="2021-07-29T19:09:46Z" data-provider="getData" finished-at="2021-07-29T19:09:53Z">
          <params>
            <param index="0">
              <value>
                <![CDATA[{destination=HYD, desti2=GOI, origin=DEL}]]>
              </value>
            </param>
          </params>
          <reporter-output>
          </reporter-output>
        </test-method> <!-- roundTrip -->
        <test-method status="PASS" signature="tearDown()[pri:0, instance:org.usmanacademy.DemoTest@2c6a3f77]" name="tearDown" is-config="true" duration-ms="190" started-at="2021-07-29T19:09:53Z" finished-at="2021-07-29T19:09:53Z">
          <reporter-output>
          </reporter-output>
        </test-method> <!-- tearDown -->
      </class> <!-- org.usmanacademy.DemoTest -->
    </test> <!-- Surefire test -->
  </suite> <!-- Surefire suite -->
</testng-results>
